<<<<<<< HEAD
2019-04-15 10:13:05<xml><ToUserName><![CDATA[gh_20c55a8ab149]]></ToUserName>
=======
2019-04-15 10:20:25<xml><ToUserName><![CDATA[gh_20c55a8ab149]]></ToUserName>
>>>>>>> ed8fc70ed275cb42de97687dbbbda623a9479239
<FromUserName><![CDATA[oYL3b5krtrmqxlwXs0A_7cv4vaJg]]></FromUserName>
<CreateTime>1555323185</CreateTime>
<MsgType><![CDATA[text]]></MsgType>
<Content><![CDATA[美丽的人]]></Content>
<MsgId>22266873290620558</MsgId>
</xml>
<<<<<<< HEAD
2019-04-15 10:40:33<xml><ToUserName><![CDATA[gh_20c55a8ab149]]></ToUserName>
<FromUserName><![CDATA[oYL3b5krtrmqxlwXs0A_7cv4vaJg]]></FromUserName>
<CreateTime>1555324833</CreateTime>
<MsgType><![CDATA[text]]></MsgType>
<Content><![CDATA[战犯]]></Content>
<MsgId>22266900424356587</MsgId>
</xml>
=======

2019-04-15 10:25:04<xml><ToUserName><![CDATA[gh_20c55a8ab149]]></ToUserName>
<FromUserName><![CDATA[oYL3b5krtrmqxlwXs0A_7cv4vaJg]]></FromUserName>
<CreateTime>1555323185</CreateTime>
<MsgType><![CDATA[text]]></MsgType>
<Content><![CDATA[美丽的人]]></Content>
<MsgId>22266873290620558</MsgId>
</xml>

2019-04-15 10:25:48<xml><ToUserName><![CDATA[gh_20c55a8ab149]]></ToUserName>
<FromUserName><![CDATA[oYL3b5krtrmqxlwXs0A_7cv4vaJg]]></FromUserName>
<CreateTime>1555323185</CreateTime>
<MsgType><![CDATA[text]]></MsgType>
<Content><![CDATA[美丽的人]]></Content>
<MsgId>22266873290620558</MsgId>
</xml>

<<<<<<< HEAD
2019-04-16 02:52:52<xml><ToUserName><![CDATA[gh_20c55a8ab149]]></ToUserName>
<FromUserName><![CDATA[oYL3b5krtrmqxlwXs0A_7cv4vaJg]]></FromUserName>
<CreateTime>1555383045</CreateTime>
<MsgType><![CDATA[text]]></MsgType>
<Content><![CDATA[北京天气]]></Content>
<MsgId>22267731494661052</MsgId>
</xml>

2019-04-16 02:55:28<xml><ToUserName><![CDATA[gh_20c55a8ab149]]></ToUserName>
<FromUserName><![CDATA[oYL3b5krtrmqxlwXs0A_7cv4vaJg]]></FromUserName>
<CreateTime>1555383045</CreateTime>
<MsgType><![CDATA[text]]></MsgType>
<Content><![CDATA[北京天气]]></Content>
<MsgId>22267731494661052</MsgId>
</xml>

2019-04-16 02:56:18<xml><ToUserName><![CDATA[gh_20c55a8ab149]]></ToUserName>
<FromUserName><![CDATA[oYL3b5krtrmqxlwXs0A_7cv4vaJg]]></FromUserName>
<CreateTime>1555383045</CreateTime>
<MsgType><![CDATA[text]]></MsgType>
<Content><![CDATA[北京天气]]></Content>
<MsgId>22267731494661052</MsgId>
</xml>

2019-04-16 02:56:38<xml><ToUserName><![CDATA[gh_20c55a8ab149]]></ToUserName>
<FromUserName><![CDATA[oYL3b5krtrmqxlwXs0A_7cv4vaJg]]></FromUserName>
<CreateTime>1555383045</CreateTime>
<MsgType><![CDATA[text]]></MsgType>
<Content><![CDATA[北京天气]]></Content>
<MsgId>22267731494661052</MsgId>
</xml>

2019-04-16 02:58:15<xml><ToUserName><![CDATA[gh_20c55a8ab149]]></ToUserName>
<FromUserName><![CDATA[oYL3b5krtrmqxlwXs0A_7cv4vaJg]]></FromUserName>
<CreateTime>1555383045</CreateTime>
<MsgType><![CDATA[text]]></MsgType>
<Content><![CDATA[北京天气]]></Content>
<MsgId>22267731494661052</MsgId>
</xml>

2019-04-16 02:59:23<xml><ToUserName><![CDATA[gh_20c55a8ab149]]></ToUserName>
<FromUserName><![CDATA[oYL3b5krtrmqxlwXs0A_7cv4vaJg]]></FromUserName>
<CreateTime>1555383045</CreateTime>
<MsgType><![CDATA[text]]></MsgType>
<Content><![CDATA[北京天气]]></Content>
<MsgId>22267731494661052</MsgId>
</xml>

2019-04-16 03:01:58<xml><ToUserName><![CDATA[gh_20c55a8ab149]]></ToUserName>
<FromUserName><![CDATA[oYL3b5krtrmqxlwXs0A_7cv4vaJg]]></FromUserName>
<CreateTime>1555383045</CreateTime>
<MsgType><![CDATA[text]]></MsgType>
<Content><![CDATA[北京天气]]></Content>
<MsgId>22267731494661052</MsgId>
</xml>

2019-04-16 03:02:41<xml><ToUserName><![CDATA[gh_20c55a8ab149]]></ToUserName>
<FromUserName><![CDATA[oYL3b5krtrmqxlwXs0A_7cv4vaJg]]></FromUserName>
<CreateTime>1555383045</CreateTime>
<MsgType><![CDATA[text]]></MsgType>
<Content><![CDATA[北京天气]]></Content>
<MsgId>22267731494661052</MsgId>
</xml>

2019-04-16 03:03:36<xml><ToUserName><![CDATA[gh_20c55a8ab149]]></ToUserName>
<FromUserName><![CDATA[oYL3b5krtrmqxlwXs0A_7cv4vaJg]]></FromUserName>
<CreateTime>1555383045</CreateTime>
<MsgType><![CDATA[text]]></MsgType>
<Content><![CDATA[北京天气]]></Content>
<MsgId>22267731494661052</MsgId>
</xml>

2019-04-16 03:10:19<xml><ToUserName><![CDATA[gh_20c55a8ab149]]></ToUserName>
<FromUserName><![CDATA[oYL3b5krtrmqxlwXs0A_7cv4vaJg]]></FromUserName>
<CreateTime>1555383045</CreateTime>
<MsgType><![CDATA[text]]></MsgType>
<Content><![CDATA[北京天气]]></Content>
<MsgId>22267731494661052</MsgId>
</xml>

2019-04-16 03:34:30<xml><ToUserName><![CDATA[gh_20c55a8ab149]]></ToUserName>
<FromUserName><![CDATA[oYL3b5krtrmqxlwXs0A_7cv4vaJg]]></FromUserName>
<CreateTime>1555383045</CreateTime>
<MsgType><![CDATA[text]]></MsgType>
<Content><![CDATA[北京天气]]></Content>
<MsgId>22267731494661052</MsgId>
</xml>

2019-04-16 03:34:49<xml><ToUserName><![CDATA[gh_20c55a8ab149]]></ToUserName>
<FromUserName><![CDATA[oYL3b5krtrmqxlwXs0A_7cv4vaJg]]></FromUserName>
<CreateTime>1555383045</CreateTime>
<MsgType><![CDATA[text]]></MsgType>
<Content><![CDATA[北京天气]]></Content>
<MsgId>22267731494661052</MsgId>
</xml>

2019-04-16 03:36:01<xml><ToUserName><![CDATA[gh_20c55a8ab149]]></ToUserName>
<FromUserName><![CDATA[oYL3b5krtrmqxlwXs0A_7cv4vaJg]]></FromUserName>
<CreateTime>1555383045</CreateTime>
<MsgType><![CDATA[text]]></MsgType>
<Content><![CDATA[北京天气]]></Content>
<MsgId>22267731494661052</MsgId>
</xml>

2019-04-16 03:39:01<xml><ToUserName><![CDATA[gh_20c55a8ab149]]></ToUserName>
<FromUserName><![CDATA[oYL3b5krtrmqxlwXs0A_7cv4vaJg]]></FromUserName>
<CreateTime>1555385918</CreateTime>
<MsgType><![CDATA[text]]></MsgType>
<Content><![CDATA[花天气]]></Content>
<MsgId>22267771546106239</MsgId>
</xml>


2019-04-16 03:43:08<xml><ToUserName><![CDATA[gh_20c55a8ab149]]></ToUserName>
<FromUserName><![CDATA[oYL3b5krtrmqxlwXs0A_7cv4vaJg]]></FromUserName>
<CreateTime>1555383045</CreateTime>
<MsgType><![CDATA[text]]></MsgType>
<Content><![CDATA[北京天气]]></Content>
<MsgId>22267731494661052</MsgId>
</xml>

2019-04-16 03:44:57<xml><ToUserName><![CDATA[gh_20c55a8ab149]]></ToUserName>
<FromUserName><![CDATA[oYL3b5krtrmqxlwXs0A_7cv4vaJg]]></FromUserName>
<CreateTime>1555383045</CreateTime>
<MsgType><![CDATA[text]]></MsgType>
<Content><![CDATA[北京天气]]></Content>
<MsgId>22267731494661052</MsgId>
</xml>

2019-04-16 03:49:55<xml><ToUserName><![CDATA[gh_20c55a8ab149]]></ToUserName>
<FromUserName><![CDATA[oYL3b5krtrmqxlwXs0A_7cv4vaJg]]></FromUserName>
<CreateTime>1555383045</CreateTime>
<MsgType><![CDATA[text]]></MsgType>
<Content><![CDATA[北天气]]></Content>
<MsgId>22267731494661052</MsgId>
</xml>

2019-04-16 03:51:30<xml><ToUserName><![CDATA[gh_20c55a8ab149]]></ToUserName>
<FromUserName><![CDATA[oYL3b5krtrmqxlwXs0A_7cv4vaJg]]></FromUserName>
<CreateTime>1555383045</CreateTime>
<MsgType><![CDATA[text]]></MsgType>
<Content><![CDATA[北天气]]></Content>
<MsgId>22267731494661052</MsgId>
</xml>

2019-04-16 03:51:55<xml><ToUserName><![CDATA[gh_20c55a8ab149]]></ToUserName>
<FromUserName><![CDATA[oYL3b5krtrmqxlwXs0A_7cv4vaJg]]></FromUserName>
<CreateTime>1555383045</CreateTime>
<MsgType><![CDATA[text]]></MsgType>
<Content><![CDATA[北京天气]]></Content>
<MsgId>22267731494661052</MsgId>
</xml>

2019-04-16 04:01:03<xml><ToUserName><![CDATA[gh_20c55a8ab149]]></ToUserName>
<FromUserName><![CDATA[oYL3b5krtrmqxlwXs0A_7cv4vaJg]]></FromUserName>
<CreateTime>1555383045</CreateTime>
<MsgType><![CDATA[text]]></MsgType>
<Content><![CDATA[北京天气]]></Content>
<MsgId>22267731494661052</MsgId>
</xml>

2019-04-16 04:01:29<xml><ToUserName><![CDATA[gh_20c55a8ab149]]></ToUserName>
<FromUserName><![CDATA[oYL3b5krtrmqxlwXs0A_7cv4vaJg]]></FromUserName>
<CreateTime>1555383045</CreateTime>
<MsgType><![CDATA[text]]></MsgType>
<Content><![CDATA[北京天气]]></Content>
<MsgId>22267731494661052</MsgId>
</xml>

2019-04-16 04:02:04<xml><ToUserName><![CDATA[gh_20c55a8ab149]]></ToUserName>
<FromUserName><![CDATA[oYL3b5krtrmqxlwXs0A_7cv4vaJg]]></FromUserName>
<CreateTime>1555383045</CreateTime>
<MsgType><![CDATA[text]]></MsgType>
<Content><![CDATA[北京天气]]></Content>
<MsgId>22267731494661052</MsgId>
</xml>

2019-04-16 04:03:14<xml><ToUserName><![CDATA[gh_20c55a8ab149]]></ToUserName>
<FromUserName><![CDATA[oYL3b5krtrmqxlwXs0A_7cv4vaJg]]></FromUserName>
<CreateTime>1555383045</CreateTime>
<MsgType><![CDATA[text]]></MsgType>
<Content><![CDATA[北京天气]]></Content>
<MsgId>22267731494661052</MsgId>
</xml>

2019-04-16 04:04:05<xml><ToUserName><![CDATA[gh_20c55a8ab149]]></ToUserName>
<FromUserName><![CDATA[oYL3b5krtrmqxlwXs0A_7cv4vaJg]]></FromUserName>
<CreateTime>1555383045</CreateTime>
<MsgType><![CDATA[text]]></MsgType>
<Content><![CDATA[北京天气]]></Content>
<MsgId>22267731494661052</MsgId>
</xml>

2019-04-16 04:05:34<xml><ToUserName><![CDATA[gh_20c55a8ab149]]></ToUserName>
<FromUserName><![CDATA[oYL3b5krtrmqxlwXs0A_7cv4vaJg]]></FromUserName>
<CreateTime>1555383045</CreateTime>
<MsgType><![CDATA[text]]></MsgType>
<Content><![CDATA[北京天气]]></Content>
<MsgId>22267731494661052</MsgId>
</xml>

2019-04-16 05:33:02<xml><ToUserName><![CDATA[gh_20c55a8ab149]]></ToUserName>
<FromUserName><![CDATA[oYL3b5krtrmqxlwXs0A_7cv4vaJg]]></FromUserName>
<CreateTime>1555383045</CreateTime>
<MsgType><![CDATA[text]]></MsgType>
<Content><![CDATA[北京天气]]></Content>
<MsgId>22267731494661052</MsgId>
</xml>

2019-04-16 05:33:27<xml><ToUserName><![CDATA[gh_20c55a8ab149]]></ToUserName>
<FromUserName><![CDATA[oYL3b5krtrmqxlwXs0A_7cv4vaJg]]></FromUserName>
<CreateTime>1555383045</CreateTime>
<MsgType><![CDATA[text]]></MsgType>
<Content><![CDATA[北京天气]]></Content>
<MsgId>22267731494661052</MsgId>
</xml>

2019-04-16 05:34:33<xml><ToUserName><![CDATA[gh_20c55a8ab149]]></ToUserName>
<FromUserName><![CDATA[oYL3b5krtrmqxlwXs0A_7cv4vaJg]]></FromUserName>
<CreateTime>1555383045</CreateTime>
<MsgType><![CDATA[text]]></MsgType>
<Content><![CDATA[北京天气]]></Content>
<MsgId>22267731494661052</MsgId>
</xml>

2019-04-16 05:35:44<xml><ToUserName><![CDATA[gh_20c55a8ab149]]></ToUserName>
<FromUserName><![CDATA[oYL3b5krtrmqxlwXs0A_7cv4vaJg]]></FromUserName>
<CreateTime>1555383045</CreateTime>
<MsgType><![CDATA[text]]></MsgType>
<Content><![CDATA[北京天气]]></Content>
<MsgId>22267731494661052</MsgId>
</xml>

2019-04-16 05:36:42<xml><ToUserName><![CDATA[gh_20c55a8ab149]]></ToUserName>
<FromUserName><![CDATA[oYL3b5krtrmqxlwXs0A_7cv4vaJg]]></FromUserName>
<CreateTime>1555383045</CreateTime>
<MsgType><![CDATA[text]]></MsgType>
<Content><![CDATA[北京天气]]></Content>
<MsgId>22267731494661052</MsgId>
</xml>

2019-04-16 05:37:26<xml><ToUserName><![CDATA[gh_20c55a8ab149]]></ToUserName>
<FromUserName><![CDATA[oYL3b5krtrmqxlwXs0A_7cv4vaJg]]></FromUserName>
<CreateTime>1555383045</CreateTime>
<MsgType><![CDATA[text]]></MsgType>
<Content><![CDATA[北京天气]]></Content>
<MsgId>22267731494661052</MsgId>
</xml>

2019-04-16 05:46:26<xml><ToUserName><![CDATA[gh_20c55a8ab149]]></ToUserName>
<FromUserName><![CDATA[oYL3b5krtrmqxlwXs0A_7cv4vaJg]]></FromUserName>
<CreateTime>1555383045</CreateTime>
<MsgType><![CDATA[text]]></MsgType>
<Content><![CDATA[北京天气]]></Content>
<MsgId>22267731494661052</MsgId>
</xml>

2019-04-16 05:47:08<xml><ToUserName><![CDATA[gh_20c55a8ab149]]></ToUserName>
<FromUserName><![CDATA[oYL3b5krtrmqxlwXs0A_7cv4vaJg]]></FromUserName>
<CreateTime>1555383045</CreateTime>
<MsgType><![CDATA[text]]></MsgType>
<Content><![CDATA[北京天气]]></Content>
<MsgId>22267731494661052</MsgId>
</xml>

2019-04-16 05:47:48<xml><ToUserName><![CDATA[gh_20c55a8ab149]]></ToUserName>
<FromUserName><![CDATA[oYL3b5krtrmqxlwXs0A_7cv4vaJg]]></FromUserName>
<CreateTime>1555383045</CreateTime>
<MsgType><![CDATA[text]]></MsgType>
<Content><![CDATA[北京天气]]></Content>
<MsgId>22267731494661052</MsgId>
</xml>

2019-04-16 05:49:11<xml><ToUserName><![CDATA[gh_20c55a8ab149]]></ToUserName>
<FromUserName><![CDATA[oYL3b5krtrmqxlwXs0A_7cv4vaJg]]></FromUserName>
<CreateTime>1555383045</CreateTime>
<MsgType><![CDATA[text]]></MsgType>
<Content><![CDATA[北京天气]]></Content>
<MsgId>22267731494661052</MsgId>
</xml>

2019-04-16 05:50:30<xml><ToUserName><![CDATA[gh_20c55a8ab149]]></ToUserName>
<FromUserName><![CDATA[oYL3b5krtrmqxlwXs0A_7cv4vaJg]]></FromUserName>
<CreateTime>1555383045</CreateTime>
<MsgType><![CDATA[text]]></MsgType>
<Content><![CDATA[北京天气123]]></Content>
<MsgId>22267731494661052</MsgId>
</xml>

2019-04-16 05:50:42<xml><ToUserName><![CDATA[gh_20c55a8ab149]]></ToUserName>
<FromUserName><![CDATA[oYL3b5krtrmqxlwXs0A_7cv4vaJg]]></FromUserName>
<CreateTime>1555383045</CreateTime>
<MsgType><![CDATA[text]]></MsgType>
<Content><![CDATA[北天气]]></Content>
<MsgId>22267731494661052</MsgId>
</xml>

2019-04-16 05:51:11<xml><ToUserName><![CDATA[gh_20c55a8ab149]]></ToUserName>
<FromUserName><![CDATA[oYL3b5krtrmqxlwXs0A_7cv4vaJg]]></FromUserName>
<CreateTime>1555383045</CreateTime>
<MsgType><![CDATA[text]]></MsgType>
<Content><![CDATA[北京天气]]></Content>
<MsgId>22267731494661052</MsgId>
</xml>

=======
>>>>>>> ed8fc70ed275cb42de97687dbbbda623a9479239
<<<<<<< HEAD
2019-04-16 02:50:45<xml><ToUserName><![CDATA[gh_20c55a8ab149]]></ToUserName>
<FromUserName><![CDATA[oYL3b5krtrmqxlwXs0A_7cv4vaJg]]></FromUserName>
<CreateTime>1555383045</CreateTime>
<MsgType><![CDATA[text]]></MsgType>
<Content><![CDATA[北京天气]]></Content>
<MsgId>22267731494661052</MsgId>
</xml>
2019-04-16 02:51:09<xml><ToUserName><![CDATA[gh_20c55a8ab149]]></ToUserName>
<FromUserName><![CDATA[oYL3b5krtrmqxlwXs0A_7cv4vaJg]]></FromUserName>
<CreateTime>1555383045</CreateTime>
<MsgType><![CDATA[text]]></MsgType>
<Content><![CDATA[北京天气]]></Content>
<MsgId>22267731494661052</MsgId>
</xml>

2019-04-16 03:38:38<xml><ToUserName><![CDATA[gh_20c55a8ab149]]></ToUserName>
<FromUserName><![CDATA[oYL3b5krtrmqxlwXs0A_7cv4vaJg]]></FromUserName>
<CreateTime>1555385918</CreateTime>
<MsgType><![CDATA[text]]></MsgType>
<Content><![CDATA[花天气]]></Content>
<MsgId>22267771546106239</MsgId>
</xml>
=======
>>>>>>> ef9a152ae3a6e16a19cdc51470ed7735cf1cdde6
>>>>>>> 7f1d246ca664c25834b054ca7991f4bd32730ecb
2019-04-16 06:04:13<xml><ToUserName><![CDATA[gh_20c55a8ab149]]></ToUserName>
<FromUserName><![CDATA[oYL3b5krtrmqxlwXs0A_7cv4vaJg]]></FromUserName>
<CreateTime>1555394653</CreateTime>
<MsgType><![CDATA[text]]></MsgType>
<Content><![CDATA[上海天气]]></Content>
<MsgId>22267893875511163</MsgId>
</xml>
2019-04-16 06:08:00<xml><ToUserName><![CDATA[gh_20c55a8ab149]]></ToUserName>
<FromUserName><![CDATA[oYL3b5krtrmqxlwXs0A_7cv4vaJg]]></FromUserName>
<CreateTime>1555383045</CreateTime>
<MsgType><![CDATA[text]]></MsgType>
<Content><![CDATA[北京天气]]></Content>
<MsgId>22267731494661052</MsgId>
</xml>

2019-04-16 06:08:42<xml><ToUserName><![CDATA[gh_20c55a8ab149]]></ToUserName>
<FromUserName><![CDATA[oYL3b5krtrmqxlwXs0A_7cv4vaJg]]></FromUserName>
<CreateTime>1555394922</CreateTime>
<MsgType><![CDATA[text]]></MsgType>
<Content><![CDATA[北京天气]]></Content>
<MsgId>22267899164281025</MsgId>
</xml>
2019-04-16 06:09:59<xml><ToUserName><![CDATA[gh_20c55a8ab149]]></ToUserName>
<FromUserName><![CDATA[oYL3b5krtrmqxlwXs0A_7cv4vaJg]]></FromUserName>
<CreateTime>1555394998</CreateTime>
<MsgType><![CDATA[text]]></MsgType>
<Content><![CDATA[上海天气]]></Content>
<MsgId>22267898576007513</MsgId>
</xml>
2019-04-16 06:14:25<xml><ToUserName><![CDATA[gh_20c55a8ab149]]></ToUserName>
<FromUserName><![CDATA[oYL3b5krtrmqxlwXs0A_7cv4vaJg]]></FromUserName>
<CreateTime>1555395265</CreateTime>
<MsgType><![CDATA[text]]></MsgType>
<Content><![CDATA[上海天气]]></Content>
<MsgId>22267902779295797</MsgId>
</xml>
2019-04-16 06:15:17<xml><ToUserName><![CDATA[gh_20c55a8ab149]]></ToUserName>
<FromUserName><![CDATA[oYL3b5krtrmqxlwXs0A_7cv4vaJg]]></FromUserName>
<CreateTime>1555383045</CreateTime>
<MsgType><![CDATA[text]]></MsgType>
<Content><![CDATA[广州天气]]></Content>
<MsgId>22267731494661052</MsgId>
</xml>

2019-04-16 06:17:24<xml><ToUserName><![CDATA[gh_20c55a8ab149]]></ToUserName>
<FromUserName><![CDATA[oYL3b5krtrmqxlwXs0A_7cv4vaJg]]></FromUserName>
<CreateTime>1555383045</CreateTime>
<MsgType><![CDATA[text]]></MsgType>
<Content><![CDATA[广州天气]]></Content>
<MsgId>22267731494661052</MsgId>
</xml>

2019-04-16 06:18:22<xml><ToUserName><![CDATA[gh_20c55a8ab149]]></ToUserName>
<FromUserName><![CDATA[oYL3b5krtrmqxlwXs0A_7cv4vaJg]]></FromUserName>
<CreateTime>1555395501</CreateTime>
<MsgType><![CDATA[text]]></MsgType>
<Content><![CDATA[广州天气]]></Content>
<MsgId>22267908608000790</MsgId>
</xml>
2019-04-16 06:59:01<xml><ToUserName><![CDATA[gh_20c55a8ab149]]></ToUserName>
<FromUserName><![CDATA[oYL3b5krtrmqxlwXs0A_7cv4vaJg]]></FromUserName>
<CreateTime>1555397941</CreateTime>
<MsgType><![CDATA[text]]></MsgType>
<Content><![CDATA[嗨喽]]></Content>
<MsgId>22267941667826972</MsgId>
</xml>
2019-04-16 06:59:12<xml><ToUserName><![CDATA[gh_20c55a8ab149]]></ToUserName>
<FromUserName><![CDATA[oYL3b5krtrmqxlwXs0A_7cv4vaJg]]></FromUserName>
<CreateTime>1555397952</CreateTime>
<MsgType><![CDATA[text]]></MsgType>
<Content><![CDATA[上海天气]]></Content>
<MsgId>22267942432537736</MsgId>
</xml>
2019-04-16 07:15:38<xml><ToUserName><![CDATA[gh_20c55a8ab149]]></ToUserName>
<FromUserName><![CDATA[oYL3b5krtrmqxlwXs0A_7cv4vaJg]]></FromUserName>
<CreateTime>1555398938</CreateTime>
<MsgType><![CDATA[text]]></MsgType>
<Content><![CDATA[北京天气]]></Content>
<MsgId>22267959857896393</MsgId>
</xml>
2019-04-16 07:15:54<xml><ToUserName><![CDATA[gh_20c55a8ab149]]></ToUserName>
<FromUserName><![CDATA[oYL3b5krtrmqxlwXs0A_7cv4vaJg]]></FromUserName>
<CreateTime>1555398953</CreateTime>
<MsgType><![CDATA[text]]></MsgType>
<Content><![CDATA[上海天气]]></Content>
<MsgId>22267961266606342</MsgId>
</xml>
2019-04-16 07:43:01<xml><ToUserName><![CDATA[gh_20c55a8ab149]]></ToUserName>
<FromUserName><![CDATA[oYL3b5krtrmqxlwXs0A_7cv4vaJg]]></FromUserName>
<CreateTime>1555400580</CreateTime>
<MsgType><![CDATA[text]]></MsgType>
<Content><![CDATA[广州天气]]></Content>
<MsgId>22267980892489418</MsgId>
</xml>
2019-04-16 10:50:15<xml><ToUserName><![CDATA[gh_20c55a8ab149]]></ToUserName>
<FromUserName><![CDATA[oYL3b5jVS8f3gyCEbYUMylek46J4]]></FromUserName>
<CreateTime>1555411815</CreateTime>
<MsgType><![CDATA[text]]></MsgType>
<Content><![CDATA[看看]]></Content>
<MsgId>22268146570179097</MsgId>
</xml>
2019-04-17 08:44:53<xml><ToUserName><![CDATA[gh_20c55a8ab149]]></ToUserName>
<FromUserName><![CDATA[oYL3b5krtrmqxlwXs0A_7cv4vaJg]]></FromUserName>
<CreateTime>1555461893</CreateTime>
<MsgType><![CDATA[text]]></MsgType>
<Content><![CDATA[上海天气]]></Content>
<MsgId>22268855803232819</MsgId>
</xml>
2019-04-17 08:49:12<xml><ToUserName><![CDATA[gh_20c55a8ab149]]></ToUserName>
<FromUserName><![CDATA[oYL3b5tinPY2A-sYbBoynMy9PlEE]]></FromUserName>
<CreateTime>1555462152</CreateTime>
<MsgType><![CDATA[text]]></MsgType>
<Content><![CDATA[北京+天气]]></Content>
<MsgId>22268863143743484</MsgId>
</xml>
2019-04-17 08:53:17<xml><ToUserName><![CDATA[gh_20c55a8ab149]]></ToUserName>
<FromUserName><![CDATA[oYL3b5krtrmqxlwXs0A_7cv4vaJg]]></FromUserName>
<CreateTime>1555462397</CreateTime>
<MsgType><![CDATA[text]]></MsgType>
<Content><![CDATA[广州+天气]]></Content>
<MsgId>22268864492755920</MsgId>
</xml>
