2019-04-15 03:50:57
2019-04-15 06:20:08
2019-04-15 06:21:33


2019-04-15 06:21:50
2019-04-15 06:23:06


2019-04-15 06:23:40


<<<<<<< HEAD
2019-04-15 06:48:12<xml><ToUserName><![CDATA[gh_20c55a8ab149]]></ToUserName>
<FromUserName><![CDATA[oYL3b5krtrmqxlwXs0A_7cv4vaJg]]></FromUserName>
<CreateTime>1555310892</CreateTime>
<MsgType><![CDATA[event]]></MsgType>
<Event><![CDATA[unsubscribe]]></Event>
<EventKey><![CDATA[]]></EventKey>
</xml>
2019-04-15 06:48:33<xml><ToUserName><![CDATA[gh_20c55a8ab149]]></ToUserName>
=======
2019-04-15 06:49:03<xml><ToUserName><![CDATA[gh_20c55a8ab149]]></ToUserName>
<FromUserName><![CDATA[oYL3b5krtrmqxlwXs0A_7cv4vaJg]]></FromUserName>
<CreateTime>1555310913</CreateTime>
<MsgType><![CDATA[event]]></MsgType>
<Event><![CDATA[subscribe]]></Event>
<EventKey><![CDATA[]]></EventKey>
</xml>



2019-04-15 06:53:05<xml><ToUserName><![CDATA[gh_20c55a8ab149]]></ToUserName>
<FromUserName><![CDATA[oYL3b5krtrmqxlwXs0A_7cv4vaJg]]></FromUserName>
<CreateTime>1555310913</CreateTime>
<MsgType><![CDATA[event]]></MsgType>
<Event><![CDATA[subscribe]]></Event>
<EventKey><![CDATA[]]></EventKey>
</xml>



2019-04-15 06:54:20<xml><ToUserName><![CDATA[gh_20c55a8ab149]]></ToUserName>
<FromUserName><![CDATA[oYL3b5krtrmqxlwXs0A_7cv4vaJg]]></FromUserName>
<CreateTime>1555310913</CreateTime>
<MsgType><![CDATA[event]]></MsgType>
<Event><![CDATA[subscribe]]></Event>
<EventKey><![CDATA[]]></EventKey>
</xml>



2019-04-15 06:55:25<xml><ToUserName><![CDATA[gh_20c55a8ab149]]></ToUserName>
<FromUserName><![CDATA[oYL3b5krtrmqxlwXs0A_7cv4vaJg]]></FromUserName>
<CreateTime>1555310913</CreateTime>
<MsgType><![CDATA[event]]></MsgType>
<Event><![CDATA[subscribe]]></Event>
<EventKey><![CDATA[]]></EventKey>
</xml>



2019-04-15 06:56:19<xml><ToUserName><![CDATA[gh_20c55a8ab149]]></ToUserName>
>>>>>>> f7349243b23b5cf42b3e31f70388298096301223
<FromUserName><![CDATA[oYL3b5krtrmqxlwXs0A_7cv4vaJg]]></FromUserName>
<CreateTime>1555310913</CreateTime>
<MsgType><![CDATA[event]]></MsgType>
<Event><![CDATA[subscribe]]></Event>
<EventKey><![CDATA[]]></EventKey>
</xml>
<<<<<<< HEAD
=======



>>>>>>> f7349243b23b5cf42b3e31f70388298096301223
