2019-04-17 16:05:12

<<<<<<<2019-04-17 16:06:17

<<<<<<<2019-04-17 16:10:10

<<<<<<<2019-04-17 16:15:16

<<<<<<<2019-04-17 16:16:35

<<<<<<<2019-04-17 16:39:07

<<<<<<<2019-04-17 16:40:24

<<<<<<<2019-04-17 20:15:54
<xml><ToUserName><![CDATA[gh_20c55a8ab149]]></ToUserName>
<FromUserName><![CDATA[oYL3b5krtrmqxlwXs0A_7cv4vaJg]]></FromUserName>
<CreateTime>1555383045</CreateTime>
<MsgType><![CDATA[text]]></MsgType>
<Content><![CDATA[北京天气]]></Content>
<MsgId>22267731494661052</MsgId>
</xml>

<<<<<<<2019-04-19 08:56:26

<<<<<<<2019-04-19 08:58:08

<<<<<<<2019-04-19 09:08:45

<<<<<<<2019-04-19 09:09:56

<<<<<<<2019-04-19 09:10:28
<xml><appid><![CDATA[wxd5af665b240b75d4]]></appid>
<bank_type><![CDATA[CFT]]></bank_type>
<cash_fee><![CDATA[1]]></cash_fee>
<fee_type><![CDATA[CNY]]></fee_type>
<is_subscribe><![CDATA[N]]></is_subscribe>
<mch_id><![CDATA[1500086022]]></mch_id>
<nonce_str><![CDATA[WtI3n1oB3OdsEGqc]]></nonce_str>
<openid><![CDATA[osZaFw9SSaodQd9wk9Tj7Js1ddCo]]></openid>
<out_trade_no><![CDATA[155563528290494]]></out_trade_no>
<result_code><![CDATA[SUCCESS]]></result_code>
<return_code><![CDATA[SUCCESS]]></return_code>
<sign><![CDATA[2E5A1BACF9284AEB8C88FE4CA03EFCD5]]></sign>
<time_end><![CDATA[20190419085455]]></time_end>
<total_fee>1</total_fee>
<trade_type><![CDATA[NATIVE]]></trade_type>
<transaction_id><![CDATA[4200000305201904198938964693]]></transaction_id>
</xml>
<<<<<<<2019-04-19 09:11:25
<xml><appid><![CDATA[wxd5af665b240b75d4]]></appid>
<bank_type><![CDATA[CFT]]></bank_type>
<cash_fee><![CDATA[1]]></cash_fee>
<fee_type><![CDATA[CNY]]></fee_type>
<is_subscribe><![CDATA[N]]></is_subscribe>
<mch_id><![CDATA[1500086022]]></mch_id>
<nonce_str><![CDATA[WtI3n1oB3OdsEGqc]]></nonce_str>
<openid><![CDATA[osZaFw9SSaodQd9wk9Tj7Js1ddCo]]></openid>
<out_trade_no><![CDATA[155563528290494]]></out_trade_no>
<result_code><![CDATA[SUCCESS]]></result_code>
<return_code><![CDATA[SUCCESS]]></return_code>
<sign><![CDATA[2E5A1BACF9284AEB8C88FE4CA03EFCD5]]></sign>
<time_end><![CDATA[20190419085455]]></time_end>
<total_fee>1</total_fee>
<trade_type><![CDATA[NATIVE]]></trade_type>
<transaction_id><![CDATA[4200000305201904198938964693]]></transaction_id>
</xml>
<<<<<<<